Arguments: 
  /home/jonatas.pferreira/.nvm/versions/node/v10.16.0/bin/node /usr/share/yarn/bin/yarn.js add @babel-cli

PATH: 
  /home/jonatas.pferreira/.local/bin:/home/jonatas.pferreira/.nvm/versions/node/v10.16.0/bin:/home/jonatas.pferreira/.local/bin:/usr/local/sbin:/usr/local/bin:/usr/sbin:/usr/bin:/sbin:/bin:/usr/games:/usr/local/games:/snap/bin

Yarn version: 
  1.22.5

Node version: 
  10.16.0

Platform: 
  linux x64

Trace: 
  Error: https://registry.yarnpkg.com/@babel-cli: Request "https://registry.yarnpkg.com/@babel-cli" returned a 405
      at Request.params.callback [as _callback] (/usr/share/yarn/lib/cli.js:66997:18)
      at Request.self.callback (/usr/share/yarn/lib/cli.js:140749:22)
      at Request.emit (events.js:198:13)
      at Request.<anonymous> (/usr/share/yarn/lib/cli.js:141721:10)
      at Request.emit (events.js:198:13)
      at IncomingMessage.<anonymous> (/usr/share/yarn/lib/cli.js:141643:12)
      at Object.onceWrapper (events.js:286:20)
      at IncomingMessage.emit (events.js:203:15)
      at endReadableNT (_stream_readable.js:1129:12)
      at process._tickCallback (internal/process/next_tick.js:63:19)

npm manifest: 
  {
    "name": "js-modules",
    "version": "1.0.0",
    "description": "aula de modulo 2020",
    "main": "index.js",
    "author": "estartando-devs",
    "license": "MIT",
    "private": false,
    "scripts": {
      "build": "babel index.js -o bundle.js"
    }
  }

yarn manifest: 
  No manifest

Lockfile: 
  No lockfile
